<?xml version="1.0" encoding="UTF-8"?>
<!-- Generated by org.testng.reporters.JUnitReportReporter -->
<testsuite hostname="CBT-LAB-031" name="qsp.DemoA" tests="1" failures="0" timestamp="3 Feb 2018 10:36:49 GMT" time="7.240" errors="0">
  <testcase name="testA" time="7.240" classname="qsp.DemoA"/>
</testsuite> <!-- qsp.DemoA -->
